0 info it worked if it ends with ok
1 verbose cli [ 'node', '/usr/local/bin/npm', 'install', 'gitbook', '-g' ]
2 info using npm@2.7.4
3 info using node@v0.12.2
4 silly cache add args [ 'gitbook', null ]
5 verbose cache add spec gitbook
6 silly cache add parsed spec { raw: 'gitbook',
6 silly cache add   scope: null,
6 silly cache add   name: 'gitbook',
6 silly cache add   rawSpec: '',
6 silly cache add   spec: '*',
6 silly cache add   type: 'range' }
7 verbose addNamed gitbook@*
8 silly addNamed semver.valid null
9 silly addNamed semver.validRange *
10 silly addNameRange { name: 'gitbook', range: '*', hasData: false }
11 silly mapToRegistry name gitbook
12 silly mapToRegistry using default registry
13 silly mapToRegistry registry https://registry.npmjs.org/
14 silly mapToRegistry uri https://registry.npmjs.org/gitbook
15 verbose addNameRange registry:https://registry.npmjs.org/gitbook not in flight; fetching
16 verbose request uri https://registry.npmjs.org/gitbook
17 verbose request no auth needed
18 info attempt registry request try #1 at 22:36:25
19 verbose request id a566f3a30aa1e023
20 http request GET https://registry.npmjs.org/gitbook
21 http 200 https://registry.npmjs.org/gitbook
22 silly get cb [ 200,
22 silly get   { date: 'Thu, 09 Apr 2015 14:36:42 GMT',
22 silly get     server: 'CouchDB/1.5.0 (Erlang OTP/R16B03)',
22 silly get     etag: '"8KR0MQ92045B0FT3MP733EG2P"',
22 silly get     'content-type': 'application/json',
22 silly get     'cache-control': 'max-age=60',
22 silly get     'content-length': '128446',
22 silly get     'accept-ranges': 'bytes',
22 silly get     via: '1.1 varnish',
22 silly get     age: '0',
22 silly get     'x-served-by': 'cache-nrt6126-NRT',
22 silly get     'x-cache': 'HIT',
22 silly get     'x-cache-hits': '1',
22 silly get     'x-timer': 'S1428590201.988867,VS0,VE174',
22 silly get     vary: 'Accept',
22 silly get     'keep-alive': 'timeout=10, max=50',
22 silly get     connection: 'Keep-Alive' } ]
23 verbose get saving gitbook to /Users/zz/.npm/registry.npmjs.org/gitbook/.cache.json
24 verbose getCacheStat cache creation not in flight; initializing
25 silly addNameRange number 2 { name: 'gitbook', range: '*', hasData: true }
26 silly addNameRange versions [ 'gitbook',
26 silly addNameRange   [ '0.0.1',
26 silly addNameRange     '0.0.2',
26 silly addNameRange     '0.0.3',
26 silly addNameRange     '0.0.4',
26 silly addNameRange     '0.1.0',
26 silly addNameRange     '0.1.1',
26 silly addNameRange     '0.1.2',
26 silly addNameRange     '0.1.3',
26 silly addNameRange     '0.2.0',
26 silly addNameRange     '0.2.1',
26 silly addNameRange     '0.2.2',
26 silly addNameRange     '0.2.3',
26 silly addNameRange     '0.2.4',
26 silly addNameRange     '0.3.0',
26 silly addNameRange     '0.3.1',
26 silly addNameRange     '0.3.2',
26 silly addNameRange     '0.4.0',
26 silly addNameRange     '0.4.1',
26 silly addNameRange     '0.4.2',
26 silly addNameRange     '0.4.3',
26 silly addNameRange     '0.4.4',
26 silly addNameRange     '0.4.5',
26 silly addNameRange     '0.4.6',
26 silly addNameRange     '0.4.7',
26 silly addNameRange     '0.4.8',
26 silly addNameRange     '0.5.0',
26 silly addNameRange     '0.5.1',
26 silly addNameRange     '0.5.2',
26 silly addNameRange     '0.5.3',
26 silly addNameRange     '0.5.4',
26 silly addNameRange     '0.5.5',
26 silly addNameRange     '0.5.6',
26 silly addNameRange     '0.6.0',
26 silly addNameRange     '0.6.1',
26 silly addNameRange     '0.6.2',
26 silly addNameRange     '0.6.3',
26 silly addNameRange     '0.7.0',
26 silly addNameRange     '0.7.1',
26 silly addNameRange     '1.0.0',
26 silly addNameRange     '1.0.1',
26 silly addNameRange     '1.0.2',
26 silly addNameRange     '1.0.3',
26 silly addNameRange     '1.1.0',
26 silly addNameRange     '1.1.1',
26 silly addNameRange     '1.2.0',
26 silly addNameRange     '1.3.0',
26 silly addNameRange     '1.3.1',
26 silly addNameRange     '1.3.2',
26 silly addNameRange     '1.3.3',
26 silly addNameRange     '1.3.4',
26 silly addNameRange     '1.4.0',
26 silly addNameRange     '1.4.1',
26 silly addNameRange     '1.4.2',
26 silly addNameRange     '1.5.0',
26 silly addNameRange     '2.0.0-alpha.1',
26 silly addNameRange     '2.0.0-alpha.2',
26 silly addNameRange     '2.0.0-alpha.3',
26 silly addNameRange     '2.0.0-alpha.4',
26 silly addNameRange     '2.0.0-alpha.5',
26 silly addNameRange     '2.0.0-alpha.6',
26 silly addNameRange     '2.0.0-alpha.7',
26 silly addNameRange     '2.0.0-alpha.8',
26 silly addNameRange     '2.0.0-alpha.9',
26 silly addNameRange     '2.0.0-beta.1',
26 silly addNameRange     '2.0.0-beta.2',
26 silly addNameRange     '2.0.0-beta.3',
26 silly addNameRange     '2.0.0-beta.4',
26 silly addNameRange     '2.0.0-beta.5',
26 silly addNameRange     '2.0.0',
26 silly addNameRange     '2.0.1' ] ]
27 verbose addNamed gitbook@2.0.1
28 silly addNamed semver.valid 2.0.1
29 silly addNamed semver.validRange 2.0.1
30 silly mapToRegistry name gitbook
31 silly mapToRegistry using default registry
32 silly mapToRegistry registry https://registry.npmjs.org/
33 silly mapToRegistry uri https://registry.npmjs.org/gitbook
34 verbose addRemoteTarball https://registry.npmjs.org/gitbook/-/gitbook-2.0.1.tgz not in flight; adding
35 verbose addRemoteTarball [ 'https://registry.npmjs.org/gitbook/-/gitbook-2.0.1.tgz',
35 verbose addRemoteTarball   '3832044b57708201476a72ccf430486a5e8fc1b2' ]
36 info retry fetch attempt 1 at 22:36:44
37 info attempt registry request try #1 at 22:36:44
38 http fetch GET https://registry.npmjs.org/gitbook/-/gitbook-2.0.1.tgz
39 http fetch 200 https://registry.npmjs.org/gitbook/-/gitbook-2.0.1.tgz
40 silly fetchAndShaCheck shasum 3832044b57708201476a72ccf430486a5e8fc1b2
41 verbose addTmpTarball /var/folders/q4/_h8mgc2n1vvd28sp0vz_m3jr0000gn/T/npm-15420-0a1dcf36/registry.npmjs.org/gitbook/-/gitbook-2.0.1.tgz not in flight; adding
42 verbose addTmpTarball already have metadata; skipping unpack for gitbook@2.0.1
43 silly cache afterAdd gitbook@2.0.1
44 verbose afterAdd /Users/zz/.npm/gitbook/2.0.1/package/package.json not in flight; writing
45 verbose afterAdd /Users/zz/.npm/gitbook/2.0.1/package/package.json written
46 silly install resolved [ { name: 'gitbook',
46 silly install resolved     version: '2.0.1',
46 silly install resolved     homepage: 'https://www.gitbook.com',
46 silly install resolved     description: 'Library and cmd utility to generate GitBooks',
46 silly install resolved     main: 'lib/index.js',
46 silly install resolved     dependencies:
46 silly install resolved      { q: '1.0.1',
46 silly install resolved        lunr: '0.5.7',
46 silly install resolved        lodash: '3.5.0',
46 silly install resolved        'graceful-fs': '3.0.5',
46 silly install resolved        resolve: '0.6.3',
46 silly install resolved        'fs-extra': '0.16.5',
46 silly install resolved        'fstream-ignore': '1.0.2',
46 silly install resolved        'gitbook-parsers': '0.7.4',
46 silly install resolved        nunjucks: 'git+https://github.com/mozilla/nunjucks.git#0f8b21b8df7e8e852b2e1889388653b7075f0d09',
46 silly install resolved        'nunjucks-autoescape': '0.1.1',
46 silly install resolved        'nunjucks-filter': '0.1.0',
46 silly install resolved        i18n: '0.5.0',
46 silly install resolved        semver: '2.2.1',
46 silly install resolved        npmi: '0.1.1',
46 silly install resolved        cheerio: '0.19.0',
46 silly install resolved        'gitbook-plugin-livereload': '0.0.1',
46 silly install resolved        gaze: '~0.5.1',
46 silly install resolved        send: '0.2.0',
46 silly install resolved        'tiny-lr': '0.1.5',
46 silly install resolved        tmp: '0.0.24',
46 silly install resolved        crc: '3.2.1',
46 silly install resolved        'bash-color': '0.0.3',
46 silly install resolved        URIjs: '1.14.1',
46 silly install resolved        request: '2.51.0',
46 silly install resolved        npm: '2.4.1',
46 silly install resolved        'dom-serializer': '0.1.0',
46 silly install resolved        'spawn-cmd': '0.0.2',
46 silly install resolved        'highlight.js': '8.4.0' },
46 silly install resolved     devDependencies:
46 silly install resolved      { mocha: '2.2.1',
46 silly install resolved        should: '5.2.0',
46 silly install resolved        grunt: '~0.4.2',
46 silly install resolved        'grunt-cli': '0.1.11',
46 silly install resolved        'grunt-contrib-copy': '0.5.0',
46 silly install resolved        'grunt-contrib-less': '~0.5.0',
46 silly install resolved        'grunt-contrib-requirejs': '0.4.1',
46 silly install resolved        'grunt-bower-install-simple': '0.9.2' },
46 silly install resolved     scripts: { test: 'mocha --reporter spec --timeout 15000' },
46 silly install resolved     repository: { type: 'git', url: 'https://github.com/GitbookIO/gitbook.git' },
46 silly install resolved     bin: { gitbook: './bin/gitbook.js' },
46 silly install resolved     keywords: [ 'git', 'book', 'gitbook' ],
46 silly install resolved     author: { name: 'FriendCode Inc.', email: 'contact@gitbook.com' },
46 silly install resolved     license: 'Apache 2',
46 silly install resolved     bugs: { url: 'https://github.com/GitbookIO/gitbook/issues' },
46 silly install resolved     contributors: [ [Object], [Object] ],
46 silly install resolved     gitHead: '0e8f7b870beba0065dcfb3231b91242ff5709450',
46 silly install resolved     _id: 'gitbook@2.0.1',
46 silly install resolved     _shasum: '3832044b57708201476a72ccf430486a5e8fc1b2',
46 silly install resolved     _from: 'gitbook@*',
46 silly install resolved     _npmVersion: '2.7.0',
46 silly install resolved     _nodeVersion: '0.10.33',
46 silly install resolved     _npmUser: { name: 'samypesse', email: 'samypesse@gmail.com' },
46 silly install resolved     maintainers: [ [Object], [Object] ],
46 silly install resolved     dist:
46 silly install resolved      { shasum: '3832044b57708201476a72ccf430486a5e8fc1b2',
46 silly install resolved        tarball: 'http://registry.npmjs.org/gitbook/-/gitbook-2.0.1.tgz' },
46 silly install resolved     directories: {},
46 silly install resolved     _resolved: 'https://registry.npmjs.org/gitbook/-/gitbook-2.0.1.tgz' } ]
47 info install gitbook@2.0.1 into /usr/local/lib
48 info installOne gitbook@2.0.1
49 verbose installOne of gitbook to /usr/local/lib not in flight; installing
50 verbose lock using /Users/zz/.npm/_locks/gitbook-cff0122b61afa1e1.lock for /usr/local/lib/node_modules/gitbook
51 silly install write writing gitbook 2.0.1 to /usr/local/lib/node_modules/gitbook
52 silly cache addNamed cb gitbook@2.0.1
53 verbose unbuild lib/node_modules/gitbook
54 silly gentlyRm /usr/local/lib/node_modules/gitbook is being purged from base /usr/local
55 verbose gentlyRm don't care about contents; nuking /usr/local/lib/node_modules/gitbook
56 verbose tar unpack /Users/zz/.npm/gitbook/2.0.1/package.tgz
57 verbose tar unpacking to /usr/local/lib/node_modules/gitbook
58 silly gentlyRm /usr/local/lib/node_modules/gitbook is being purged
59 verbose gentlyRm don't care about contents; nuking /usr/local/lib/node_modules/gitbook
60 silly gunzTarPerm modes [ '755', '644' ]
61 error tar.unpack untar error /Users/zz/.npm/gitbook/2.0.1/package.tgz
62 verbose unlock done using /Users/zz/.npm/_locks/gitbook-cff0122b61afa1e1.lock for /usr/local/lib/node_modules/gitbook
63 verbose fstream_path /usr/local/lib/node_modules/gitbook
64 verbose fstream_type Directory
65 verbose fstream_class DirWriter
66 verbose stack Error: EACCES, mkdir '/usr/local/lib/node_modules/gitbook'
66 verbose stack     at Error (native)
67 verbose fstream_stack /usr/local/lib/node_modules/npm/node_modules/fstream/lib/dir-writer.js:36:23
67 verbose fstream_stack /usr/local/lib/node_modules/npm/node_modules/mkdirp/index.js:46:53
67 verbose fstream_stack FSReqWrap.oncomplete (fs.js:95:15)
68 verbose cwd /Users/zz/Documents/archerzz/gitbook/objective-c
69 error Darwin 14.1.0
70 error argv "node" "/usr/local/bin/npm" "install" "gitbook" "-g"
71 error node v0.12.2
72 error npm  v2.7.4
73 error path /usr/local/lib/node_modules/gitbook
74 error code EACCES
75 error errno -13
76 error Error: EACCES, mkdir '/usr/local/lib/node_modules/gitbook'
76 error     at Error (native)
76 error  { [Error: EACCES, mkdir '/usr/local/lib/node_modules/gitbook']
76 error   errno: -13,
76 error   code: 'EACCES',
76 error   path: '/usr/local/lib/node_modules/gitbook',
76 error   fstream_type: 'Directory',
76 error   fstream_path: '/usr/local/lib/node_modules/gitbook',
76 error   fstream_class: 'DirWriter',
76 error   fstream_stack:
76 error    [ '/usr/local/lib/node_modules/npm/node_modules/fstream/lib/dir-writer.js:36:23',
76 error      '/usr/local/lib/node_modules/npm/node_modules/mkdirp/index.js:46:53',
76 error      'FSReqWrap.oncomplete (fs.js:95:15)' ] }
77 error Please try running this command again as root/Administrator.
78 verbose exit [ -13, true ]
79 verbose unbuild lib/node_modules/gitbook
80 silly gentlyRm /usr/local/lib/node_modules/gitbook is being purged from base /usr/local
81 verbose gentlyRm don't care about contents; nuking /usr/local/lib/node_modules/gitbook
